<?xml version="1.0" encoding="UTF-8"?>
<!-- Generated by org.testng.reporters.JUnitReportReporter -->
<testsuite hostname="LAPTOP-B1BQHEGT" failures="0" tests="1" name="FitpeoAssesment_Test.Assignmene_Test" time="18.734" errors="0" timestamp="2024-11-27T22:38:36 IST" skipped="0">
  <testcase classname="FitpeoAssesment_Test.Assignmene_Test" name="taskAssignment" time="18.734"/>
</testsuite> <!-- FitpeoAssesment_Test.Assignmene_Test -->
